Compiling the C compiler identification source file "CMakeCCompilerId.c" failed.
Compiler: C:/Windows/gcc.exe 
Build flags: 
Id flags:  

The output was:
1
gcc.exe: error: CreateProcess: No such file or directory


Compiling the C compiler identification source file "CMakeCCompilerId.c" failed.
Compiler: C:/Windows/gcc.exe 
Build flags: 
Id flags: -c 

The output was:
1
gcc.exe: error: CreateProcess: No such file or directory


Compiling the C compiler identification source file "CMakeCCompilerId.c" failed.
Compiler: C:/Windows/gcc.exe 
Build flags: 
Id flags: -Aa 

The output was:
1
gcc.exe: error: CreateProcess: No such file or directory


Compiling the C compiler identification source file "CMakeCCompilerId.c" failed.
Compiler: C:/Windows/gcc.exe 
Build flags: 
Id flags: -D__CLASSIC_C__ 

The output was:
1
gcc.exe: error: CreateProcess: No such file or directory


Compiling the C compiler identification source file "CMakeCCompilerId.c" failed.
Compiler: C:/Windows/gcc.exe 
Build flags: 
Id flags:  

The output was:
1
gcc.exe: error: CreateProcess: No such file or directory


Compiling the C compiler identification source file "CMakeCCompilerId.c" failed.
Compiler: C:/Windows/gcc.exe 
Build flags: 
Id flags: -c 

The output was:
1
gcc.exe: error: CreateProcess: No such file or directory


Compiling the C compiler identification source file "CMakeCCompilerId.c" failed.
Compiler: C:/Windows/gcc.exe 
Build flags: 
Id flags: -Aa 

The output was:
1
gcc.exe: error: CreateProcess: No such file or directory


Compiling the C compiler identification source file "CMakeCCompilerId.c" failed.
Compiler: C:/Windows/gcc.exe 
Build flags: 
Id flags: -D__CLASSIC_C__ 

The output was:
1
gcc.exe: error: CreateProcess: No such file or directory


Checking whether the C compiler is IAR using "" did not match "IAR .+ Compiler":
gcc.exe: fatal error: no input files
compilation terminated.
Checking whether the C compiler is IAR using "" did not match "IAR .+ Compiler":
gcc.exe: fatal error: no input files
compilation terminated.
Determining if the C compiler works failed with the following output:
Change Dir: c:/cpp/cpp_exercises/class_constructor_copy/build/CMakeFiles/CMakeTmp

Run Build Command:"C:/PROGRA~1/MINGW-~1/X86_64~1.0-P/mingw64/bin/make.exe" "cmTC_07116/fast"
C:/PROGRA~1/MINGW-~1/X86_64~1.0-P/mingw64/bin/make.exe -f CMakeFiles/cmTC_07116.dir/build.make CMakeFiles/cmTC_07116.dir/build
make.exe[1]: Entering directory 'c:/cpp/cpp_exercises/class_constructor_copy/build/CMakeFiles/CMakeTmp'
Building C object CMakeFiles/cmTC_07116.dir/testCCompiler.c.obj
cd C:/cpp/cpp_exercises/class_constructor_copy/build/CMakeFiles/CMakeTmp && C:/Windows/gcc.exe    -o CMakeFiles/cmTC_07116.dir/testCCompiler.c.obj   -c C:/cpp/cpp_exercises/class_constructor_copy/build/CMakeFiles/CMakeTmp/testCCompiler.c
gcc.exe: error: CreateProcess: No such file or directory
make.exe[1]: *** [CMakeFiles/cmTC_07116.dir/build.make:66: CMakeFiles/cmTC_07116.dir/testCCompiler.c.obj] Error 1
make.exe[1]: Leaving directory 'c:/cpp/cpp_exercises/class_constructor_copy/build/CMakeFiles/CMakeTmp'
make.exe: *** [Makefile:126: cmTC_07116/fast] Error 2


